<?xml version="1.0" encoding="UTF-8"?>
<!-- Generated by org.testng.reporters.JUnitReportReporter -->
<testsuite skipped="0" hostname="LAPTOP-RBLSI6PL" name="sumValidation" tests="1" failures="0" timestamp="16 Apr 2020 13:59:08 GMT" time="1.373" errors="0">
  <testcase name="sumOfCourses" time="1.373" classname="sumValidation"/>
</testsuite> <!-- sumValidation -->
