<?xml version="1.0" encoding="UTF-8"?>
<!-- Generated by org.testng.reporters.JUnitReportReporter -->
<testsuite skipped="0" hostname="LAPTOP-RBLSI6PL" name="dynamicJson" tests="3" failures="0" timestamp="17 Apr 2020 17:47:43 GMT" time="4.663" errors="0">
  <testcase name="addBook" time="3.235" classname="dynamicJson"/>
  <testcase name="addBook" time="0.730" classname="dynamicJson"/>
  <testcase name="addBook" time="0.698" classname="dynamicJson"/>
</testsuite> <!-- dynamicJson -->
